<?xml version="1.0" encoding="UTF-8"?>
<testsuites name="SuiteFail" time="45.776" tests="2" failures="0" errors="0">
   <testsuite name="SuiteFail" tests="2" failures="0" errors="0" time="45.776" skipped="0" timestamp="04-03-2025T15:47:19" hostname="Irma Infante - DESKTOP-2H1A566" id="Test Suites/SuiteFail">
      <properties>
         <property name="deviceName" value=""/>
         <property name="devicePlatform"/>
         <property name="logFolder" value="C:\\Users\\Irma Infante\\git\\Prueba-Git_Katalon\\Reports\\20250304_154710\\SuiteFail\\20250304_154711"/>
         <property name="logFiles" value="C:\\Users\\Irma Infante\\git\\Prueba-Git_Katalon\\Reports\\20250304_154710\\SuiteFail\\20250304_154711\\execution0.log"/>
         <property name="attachments" value=""/>
         <property name="hostName" value="Irma Infante - DESKTOP-2H1A566"/>
         <property name="os" value="Windows 11 64bit"/>
         <property name="katalonVersion" value="10.1.0.223"/>
         <property name="browser" value="Chrome 133.0.6943.142"/>
         <property name="hostAddress" value="192.168.1.48"/>
         <property name="sessionId" value="ba1e5bb80023b51097b0c35cd11e75e3"/>
         <property name="seleniumVersion" value="4.22.0"/>
         <property name="proxyInformation" value="ProxyInformation { proxyOption=NO_PROXY, proxyServerType=HTTP, username=, password=********, proxyServerAddress=, proxyServerPort=0, executionList=&quot;&quot;, isApplyToDesiredCapabilities=true }"/>
         <property name="platform" value="Windows 11"/>
      </properties>
      <testcase name="Test Cases/TC_02" time="42.181" classname="Test Cases/TC_02" status="PASSED">
         <system-out><![CDATA[04-03-2025T15:47:19 - [TEST_CASE][PASSED] - Test Cases/TC_02: Test Cases/TC_02

04-03-2025T15:47:19 - [TEST_STEP][PASSED] - openBrowser(""): Browser is opened with url: ''

04-03-2025T15:47:20 - [MESSAGE][INFO] - Starting 'Chrome' driver

04-03-2025T15:47:20 - [MESSAGE][INFO] - Action delay is set to 0 milliseconds

04-03-2025T15:47:24 - [MESSAGE][PASSED] - Browser is opened with url: ''

04-03-2025T15:47:24 - [TEST_STEP][PASSED] - navigateToUrl("www.yahoo.com"): Navigate to 'http://www.yahoo.com' successfully

04-03-2025T15:48:00 - [MESSAGE][PASSED] - Navigate to 'http://www.yahoo.com' successfully

04-03-2025T15:48:00 - [TEST_STEP][PASSED] - closeBrowser(): Browser is closed

04-03-2025T15:48:01 - [MESSAGE][PASSED] - Browser is closed]]></system-out>
         <system-err><![CDATA[]]></system-err>
      </testcase>
      <testcase name="Test Cases/Tc_03" time="3.222" classname="Test Cases/Tc_03" status="PASSED">
         <system-out><![CDATA[04-03-2025T15:48:01 - [TEST_CASE][PASSED] - Test Cases/Tc_03: Test Cases/Tc_03

04-03-2025T15:48:01 - [TEST_STEP][PASSED] - openBrowser(""): Browser is opened with url: ''

04-03-2025T15:48:01 - [MESSAGE][INFO] - Starting 'Chrome' driver

04-03-2025T15:48:01 - [MESSAGE][INFO] - Action delay is set to 0 milliseconds

04-03-2025T15:48:03 - [MESSAGE][PASSED] - Browser is opened with url: ''

04-03-2025T15:48:03 - [TEST_STEP][PASSED] - navigateToUrl("www.google.com"): Navigate to 'http://www.google.com' successfully

04-03-2025T15:48:04 - [MESSAGE][PASSED] - Navigate to 'http://www.google.com' successfully]]></system-out>
         <system-err><![CDATA[]]></system-err>
      </testcase>
      <system-out><![CDATA[04-03-2025T15:47:19 - [TEST_SUITE][PASSED] - SuiteFail: Test Cases/Tc_03]]></system-out>
      <system-err><![CDATA[]]></system-err>
   </testsuite>
</testsuites>
