<?xml version="1.0" encoding="UTF-8"?>
<testsuites name="Suite Integracion Kat" time="19.394" tests="1" failures="0" errors="0">
   <testsuite name="Suite Integracion Kat" tests="1" failures="0" errors="0" time="19.394" skipped="0" timestamp="20-02-2025T16:47:08" hostname="irmai - LAPTOP-FSVA7B1B" id="Test Suites/Suite Integracion Kat">
      <properties>
         <property name="deviceName" value=""/>
         <property name="devicePlatform"/>
         <property name="logFolder" value="C:\\Users\\irmai\\git\\Prueba-Git_Katalon\\Reports\\20250220_164615\\Suite Integracion Kat\\20250220_164618"/>
         <property name="logFiles" value="C:\\Users\\irmai\\git\\Prueba-Git_Katalon\\Reports\\20250220_164615\\Suite Integracion Kat\\20250220_164618\\execution0.log"/>
         <property name="attachments" value=""/>
         <property name="hostName" value="irmai - LAPTOP-FSVA7B1B"/>
         <property name="os" value="Windows 11 64bit"/>
         <property name="katalonVersion" value="10.1.0.223"/>
         <property name="browser" value="Chrome 133.0.6943.126"/>
         <property name="hostAddress" value="192.168.1.45"/>
         <property name="sessionId" value="d47195b8b23e56ef763a6609bc9df1c5"/>
         <property name="seleniumVersion" value="4.22.0"/>
         <property name="proxyInformation" value="ProxyInformation { proxyOption=NO_PROXY, proxyServerType=HTTP, username=, password=********, proxyServerAddress=, proxyServerPort=0, executionList=&quot;&quot;, isApplyToDesiredCapabilities=true }"/>
         <property name="platform" value="Windows 11"/>
      </properties>
      <testcase name="Test Cases/CP_GIT" time="18.984" classname="Test Cases/CP_GIT" status="PASSED">
         <system-out><![CDATA[20-02-2025T16:47:08 - [TEST_CASE][PASSED] - Test Cases/CP_GIT: Test Cases/CP_GIT

20-02-2025T16:47:09 - [TEST_STEP][PASSED] - openBrowser(""): Browser is opened with url: ''

20-02-2025T16:47:09 - [MESSAGE][INFO] - Starting 'Chrome' driver

20-02-2025T16:47:10 - [MESSAGE][INFO] - Action delay is set to 0 milliseconds

20-02-2025T16:47:16 - [MESSAGE][PASSED] - Browser is opened with url: ''

20-02-2025T16:47:16 - [TEST_STEP][PASSED] - navigateToUrl("https://katalon-demo-cura.herokuapp.com/"): Navigate to 'https://katalon-demo-cura.herokuapp.com/' successfully

20-02-2025T16:47:18 - [MESSAGE][PASSED] - Navigate to 'https://katalon-demo-cura.herokuapp.com/' successfully

20-02-2025T16:47:18 - [TEST_STEP][PASSED] - click(findTestObject("Object Repository/PAg_DEMO/Page_CURA Healthcare Service/a_Make Appointment")): Object: 'Object Repository/PAg_DEMO/Page_CURA Healthcare Service/a_Make Appointment' is clicked on

20-02-2025T16:47:19 - [MESSAGE][PASSED] - Object: 'Object Repository/PAg_DEMO/Page_CURA Healthcare Service/a_Make Appointment' is clicked on

20-02-2025T16:47:19 - [TEST_STEP][PASSED] - click(findTestObject("Object Repository/PAg_DEMO/Page_CURA Healthcare Service/button_Login")): Object: 'Object Repository/PAg_DEMO/Page_CURA Healthcare Service/button_Login' is clicked on

20-02-2025T16:47:20 - [MESSAGE][PASSED] - Object: 'Object Repository/PAg_DEMO/Page_CURA Healthcare Service/button_Login' is clicked on

20-02-2025T16:47:20 - [TEST_STEP][PASSED] - setText(findTestObject("Object Repository/PAg_DEMO/Page_CURA Healthcare Service/input_Username_username"), "John Doe"): Text 'John Doe' is set on object 'Object Repository/PAg_DEMO/Page_CURA Healthcare Service/input_Username_username'

20-02-2025T16:47:21 - [MESSAGE][PASSED] - Text 'John Doe' is set on object 'Object Repository/PAg_DEMO/Page_CURA Healthcare Service/input_Username_username'

20-02-2025T16:47:21 - [TEST_STEP][PASSED] - click(findTestObject("Object Repository/PAg_DEMO/Page_CURA Healthcare Service/form_Demo account                          _b80bac")): Object: 'Object Repository/PAg_DEMO/Page_CURA Healthcare Service/form_Demo account                          _b80bac' is clicked on

20-02-2025T16:47:22 - [MESSAGE][PASSED] - Object: 'Object Repository/PAg_DEMO/Page_CURA Healthcare Service/form_Demo account                          _b80bac' is clicked on

20-02-2025T16:47:22 - [TEST_STEP][PASSED] - setEncryptedText(findTestObject("Object Repository/PAg_DEMO/Page_CURA Healthcare Service/input_Password_password"), "g3/DOGG74jC3Flrr3yH+3D/yKbOqqUNM"): Text ****** has been set on object 'Object Repository/PAg_DEMO/Page_CURA Healthcare Service/input_Password_password'

20-02-2025T16:47:22 - [MESSAGE][PASSED] - Text ****** has been set on object 'Object Repository/PAg_DEMO/Page_CURA Healthcare Service/input_Password_password'

20-02-2025T16:47:22 - [TEST_STEP][PASSED] - click(findTestObject("Object Repository/PAg_DEMO/Page_CURA Healthcare Service/button_Login")): Object: 'Object Repository/PAg_DEMO/Page_CURA Healthcare Service/button_Login' is clicked on

20-02-2025T16:47:23 - [MESSAGE][PASSED] - Object: 'Object Repository/PAg_DEMO/Page_CURA Healthcare Service/button_Login' is clicked on

20-02-2025T16:47:23 - [TEST_STEP][PASSED] - setText(findTestObject("Object Repository/PAg_DEMO/Page_CURA Healthcare Service/textarea_Comment_comment"), "prueba git"): Text 'prueba git' is set on object 'Object Repository/PAg_DEMO/Page_CURA Healthcare Service/textarea_Comment_comment'

20-02-2025T16:47:24 - [MESSAGE][PASSED] - Text 'prueba git' is set on object 'Object Repository/PAg_DEMO/Page_CURA Healthcare Service/textarea_Comment_comment'

20-02-2025T16:47:24 - [TEST_STEP][PASSED] - closeBrowser(): Browser is closed

20-02-2025T16:47:27 - [MESSAGE][PASSED] - Browser is closed]]></system-out>
         <system-err><![CDATA[]]></system-err>
      </testcase>
      <system-out><![CDATA[20-02-2025T16:47:08 - [TEST_SUITE][PASSED] - Suite Integracion Kat: Test Cases/CP_GIT]]></system-out>
      <system-err><![CDATA[]]></system-err>
   </testsuite>
</testsuites>
