<?xml version="1.0" encoding="UTF-8"?>
<testsuites name="Suite Integracion Kat" time="10.916" tests="1" failures="0" errors="0">
   <testsuite name="Suite Integracion Kat" tests="1" failures="0" errors="0" time="10.916" skipped="0" timestamp="03-03-2025T11:41:57" hostname="Irma Infante - DESKTOP-2H1A566" id="Test Suites/Suite Integracion Kat">
      <properties>
         <property name="deviceName" value=""/>
         <property name="devicePlatform"/>
         <property name="logFolder" value="C:\\Users\\Irma Infante\\git\\Prueba-Git_Katalon\\Reports\\20250303_114150\\Suite Integracion Kat\\20250303_114150"/>
         <property name="logFiles" value="C:\\Users\\Irma Infante\\git\\Prueba-Git_Katalon\\Reports\\20250303_114150\\Suite Integracion Kat\\20250303_114150\\execution0.log"/>
         <property name="attachments" value=""/>
         <property name="hostName" value="Irma Infante - DESKTOP-2H1A566"/>
         <property name="os" value="Windows 11 64bit"/>
         <property name="katalonVersion" value="10.1.0.223"/>
         <property name="browser" value="Chrome 133.0.6943.142"/>
         <property name="hostAddress" value="192.168.1.48"/>
         <property name="sessionId" value="2efa514e4380262d4cc0ec9bef3dafe1"/>
         <property name="seleniumVersion" value="4.22.0"/>
         <property name="proxyInformation" value="ProxyInformation { proxyOption=NO_PROXY, proxyServerType=HTTP, username=, password=********, proxyServerAddress=, proxyServerPort=0, executionList=&quot;&quot;, isApplyToDesiredCapabilities=true }"/>
         <property name="platform" value="Windows 11"/>
      </properties>
      <testcase name="Test Cases/CP_GIT" time="10.66" classname="Test Cases/CP_GIT" status="PASSED">
         <system-out><![CDATA[03-03-2025T11:41:57 - [TEST_CASE][PASSED] - Test Cases/CP_GIT: Test Cases/CP_GIT

03-03-2025T11:41:58 - [TEST_STEP][PASSED] - openBrowser(""): Browser is opened with url: ''

03-03-2025T11:41:58 - [MESSAGE][INFO] - Starting 'Chrome' driver

03-03-2025T11:41:58 - [MESSAGE][INFO] - Action delay is set to 0 milliseconds

03-03-2025T11:42:02 - [MESSAGE][PASSED] - Browser is opened with url: ''

03-03-2025T11:42:02 - [TEST_STEP][PASSED] - navigateToUrl("https://katalon-demo-cura.herokuapp.com/"): Navigate to 'https://katalon-demo-cura.herokuapp.com/' successfully

03-03-2025T11:42:03 - [MESSAGE][PASSED] - Navigate to 'https://katalon-demo-cura.herokuapp.com/' successfully

03-03-2025T11:42:03 - [TEST_STEP][PASSED] - click(findTestObject("Object Repository/PAg_DEMO/Page_CURA Healthcare Service/a_Make Appointment")): Object: 'Object Repository/PAg_DEMO/Page_CURA Healthcare Service/a_Make Appointment' is clicked on

03-03-2025T11:42:04 - [MESSAGE][PASSED] - Object: 'Object Repository/PAg_DEMO/Page_CURA Healthcare Service/a_Make Appointment' is clicked on

03-03-2025T11:42:04 - [TEST_STEP][PASSED] - click(findTestObject("Object Repository/PAg_DEMO/Page_CURA Healthcare Service/button_Login")): Object: 'Object Repository/PAg_DEMO/Page_CURA Healthcare Service/button_Login' is clicked on

03-03-2025T11:42:05 - [MESSAGE][PASSED] - Object: 'Object Repository/PAg_DEMO/Page_CURA Healthcare Service/button_Login' is clicked on

03-03-2025T11:42:05 - [TEST_STEP][PASSED] - setText(findTestObject("Object Repository/PAg_DEMO/Page_CURA Healthcare Service/input_Username_username"), "John Doe"): Text 'John Doe' is set on object 'Object Repository/PAg_DEMO/Page_CURA Healthcare Service/input_Username_username'

03-03-2025T11:42:05 - [MESSAGE][PASSED] - Text 'John Doe' is set on object 'Object Repository/PAg_DEMO/Page_CURA Healthcare Service/input_Username_username'

03-03-2025T11:42:05 - [TEST_STEP][PASSED] - click(findTestObject("Object Repository/PAg_DEMO/Page_CURA Healthcare Service/form_Demo account                          _b80bac")): Object: 'Object Repository/PAg_DEMO/Page_CURA Healthcare Service/form_Demo account                          _b80bac' is clicked on

03-03-2025T11:42:06 - [MESSAGE][PASSED] - Object: 'Object Repository/PAg_DEMO/Page_CURA Healthcare Service/form_Demo account                          _b80bac' is clicked on

03-03-2025T11:42:06 - [TEST_STEP][PASSED] - setEncryptedText(findTestObject("Object Repository/PAg_DEMO/Page_CURA Healthcare Service/input_Password_password"), "g3/DOGG74jC3Flrr3yH+3D/yKbOqqUNM"): Text ****** has been set on object 'Object Repository/PAg_DEMO/Page_CURA Healthcare Service/input_Password_password'

03-03-2025T11:42:06 - [MESSAGE][PASSED] - Text ****** has been set on object 'Object Repository/PAg_DEMO/Page_CURA Healthcare Service/input_Password_password'

03-03-2025T11:42:06 - [TEST_STEP][PASSED] - click(findTestObject("Object Repository/PAg_DEMO/Page_CURA Healthcare Service/button_Login")): Object: 'Object Repository/PAg_DEMO/Page_CURA Healthcare Service/button_Login' is clicked on

03-03-2025T11:42:07 - [MESSAGE][PASSED] - Object: 'Object Repository/PAg_DEMO/Page_CURA Healthcare Service/button_Login' is clicked on

03-03-2025T11:42:07 - [TEST_STEP][PASSED] - setText(findTestObject("Object Repository/PAg_DEMO/Page_CURA Healthcare Service/textarea_Comment_comment"), "prueba git"): Text 'prueba git' is set on object 'Object Repository/PAg_DEMO/Page_CURA Healthcare Service/textarea_Comment_comment'

03-03-2025T11:42:08 - [MESSAGE][PASSED] - Text 'prueba git' is set on object 'Object Repository/PAg_DEMO/Page_CURA Healthcare Service/textarea_Comment_comment'

03-03-2025T11:42:08 - [TEST_STEP][PASSED] - closeBrowser(): Browser is closed

03-03-2025T11:42:08 - [MESSAGE][PASSED] - Browser is closed]]></system-out>
         <system-err><![CDATA[]]></system-err>
      </testcase>
      <system-out><![CDATA[03-03-2025T11:41:57 - [TEST_SUITE][PASSED] - Suite Integracion Kat: Test Cases/CP_GIT]]></system-out>
      <system-err><![CDATA[]]></system-err>
   </testsuite>
</testsuites>
