<?xml version="1.0" encoding="UTF-8"?>
<testsuites name="Collection Integracion Kat" time="46.893" tests="2" failures="0" errors="0">
   <testsuite name="Suite Integracion Kat" tests="1" failures="0" errors="0" time="14.766" skipped="0" timestamp="25-02-2025T00:04:51" hostname="Irma Infante - DESKTOP-2H1A566" id="Test Suites/Suite Integracion Kat">
      <properties>
         <property name="deviceName" value=""/>
         <property name="devicePlatform"/>
         <property name="logFolder" value="C:\\Users\\Irma Infante\\git\\Prueba-Git_Katalon\\Reports\\20250225_000437\\Suite Integracion Kat\\20250225_000438"/>
         <property name="logFiles" value="C:\\Users\\Irma Infante\\git\\Prueba-Git_Katalon\\Reports\\20250225_000437\\Suite Integracion Kat\\20250225_000438\\execution0.log"/>
         <property name="attachments" value=""/>
         <property name="hostName" value="Irma Infante - DESKTOP-2H1A566"/>
         <property name="os" value="Windows 11 64bit"/>
         <property name="katalonVersion" value="10.1.0.223"/>
         <property name="browser" value="Chrome 133.0.6943.127"/>
         <property name="hostAddress" value="192.168.1.45"/>
         <property name="sessionId" value="ca04425ac8580c3194244eb5e630d81a"/>
         <property name="seleniumVersion" value="4.22.0"/>
         <property name="proxyInformation" value="ProxyInformation { proxyOption=NO_PROXY, proxyServerType=HTTP, username=, password=********, proxyServerAddress=, proxyServerPort=0, executionList=&quot;&quot;, isApplyToDesiredCapabilities=true }"/>
         <property name="platform" value="Windows 11"/>
      </properties>
      <testcase name="Test Cases/CP_GIT" time="12.969" classname="Test Cases/CP_GIT" status="PASSED">
         <system-out><![CDATA[25-02-2025T00:04:53 - [TEST_CASE][PASSED] - Test Cases/CP_GIT: Test Cases/CP_GIT

25-02-2025T00:04:53 - [TEST_STEP][PASSED] - openBrowser(""): Browser is opened with url: ''

25-02-2025T00:04:54 - [MESSAGE][INFO] - Starting 'Chrome' driver

25-02-2025T00:04:54 - [MESSAGE][INFO] - Action delay is set to 0 milliseconds

25-02-2025T00:04:58 - [MESSAGE][PASSED] - Browser is opened with url: ''

25-02-2025T00:04:58 - [TEST_STEP][PASSED] - navigateToUrl("https://katalon-demo-cura.herokuapp.com/"): Navigate to 'https://katalon-demo-cura.herokuapp.com/' successfully

25-02-2025T00:05:00 - [MESSAGE][PASSED] - Navigate to 'https://katalon-demo-cura.herokuapp.com/' successfully

25-02-2025T00:05:00 - [TEST_STEP][PASSED] - click(findTestObject("Object Repository/PAg_DEMO/Page_CURA Healthcare Service/a_Make Appointment")): Object: 'Object Repository/PAg_DEMO/Page_CURA Healthcare Service/a_Make Appointment' is clicked on

25-02-2025T00:05:01 - [MESSAGE][PASSED] - Object: 'Object Repository/PAg_DEMO/Page_CURA Healthcare Service/a_Make Appointment' is clicked on

25-02-2025T00:05:01 - [TEST_STEP][PASSED] - click(findTestObject("Object Repository/PAg_DEMO/Page_CURA Healthcare Service/button_Login")): Object: 'Object Repository/PAg_DEMO/Page_CURA Healthcare Service/button_Login' is clicked on

25-02-2025T00:05:03 - [MESSAGE][PASSED] - Object: 'Object Repository/PAg_DEMO/Page_CURA Healthcare Service/button_Login' is clicked on

25-02-2025T00:05:03 - [TEST_STEP][PASSED] - setText(findTestObject("Object Repository/PAg_DEMO/Page_CURA Healthcare Service/input_Username_username"), "John Doe"): Text 'John Doe' is set on object 'Object Repository/PAg_DEMO/Page_CURA Healthcare Service/input_Username_username'

25-02-2025T00:05:04 - [MESSAGE][PASSED] - Text 'John Doe' is set on object 'Object Repository/PAg_DEMO/Page_CURA Healthcare Service/input_Username_username'

25-02-2025T00:05:04 - [TEST_STEP][PASSED] - click(findTestObject("Object Repository/PAg_DEMO/Page_CURA Healthcare Service/form_Demo account                          _b80bac")): Object: 'Object Repository/PAg_DEMO/Page_CURA Healthcare Service/form_Demo account                          _b80bac' is clicked on

25-02-2025T00:05:04 - [MESSAGE][PASSED] - Object: 'Object Repository/PAg_DEMO/Page_CURA Healthcare Service/form_Demo account                          _b80bac' is clicked on

25-02-2025T00:05:04 - [TEST_STEP][PASSED] - setEncryptedText(findTestObject("Object Repository/PAg_DEMO/Page_CURA Healthcare Service/input_Password_password"), "g3/DOGG74jC3Flrr3yH+3D/yKbOqqUNM"): Text ****** has been set on object 'Object Repository/PAg_DEMO/Page_CURA Healthcare Service/input_Password_password'

25-02-2025T00:05:04 - [MESSAGE][PASSED] - Text ****** has been set on object 'Object Repository/PAg_DEMO/Page_CURA Healthcare Service/input_Password_password'

25-02-2025T00:05:04 - [TEST_STEP][PASSED] - click(findTestObject("Object Repository/PAg_DEMO/Page_CURA Healthcare Service/button_Login")): Object: 'Object Repository/PAg_DEMO/Page_CURA Healthcare Service/button_Login' is clicked on

25-02-2025T00:05:05 - [MESSAGE][PASSED] - Object: 'Object Repository/PAg_DEMO/Page_CURA Healthcare Service/button_Login' is clicked on

25-02-2025T00:05:05 - [TEST_STEP][PASSED] - setText(findTestObject("Object Repository/PAg_DEMO/Page_CURA Healthcare Service/textarea_Comment_comment"), "prueba git"): Text 'prueba git' is set on object 'Object Repository/PAg_DEMO/Page_CURA Healthcare Service/textarea_Comment_comment'

25-02-2025T00:05:06 - [MESSAGE][PASSED] - Text 'prueba git' is set on object 'Object Repository/PAg_DEMO/Page_CURA Healthcare Service/textarea_Comment_comment'

25-02-2025T00:05:06 - [TEST_STEP][PASSED] - closeBrowser(): Browser is closed

25-02-2025T00:05:06 - [MESSAGE][PASSED] - Browser is closed]]></system-out>
         <system-err><![CDATA[]]></system-err>
      </testcase>
      <system-out><![CDATA[25-02-2025T00:04:51 - [TEST_SUITE][PASSED] - Suite Integracion Kat: Test Cases/CP_GIT]]></system-out>
      <system-err><![CDATA[]]></system-err>
   </testsuite>
   <testsuite name="Suite Integracion Kat" tests="1" failures="0" errors="0" time="11.128" skipped="0" timestamp="25-02-2025T00:05:16" hostname="Irma Infante - DESKTOP-2H1A566" id="Test Suites/Suite Integracion Kat">
      <properties>
         <property name="deviceName" value=""/>
         <property name="devicePlatform"/>
         <property name="logFolder" value="C:\\Users\\Irma Infante\\git\\Prueba-Git_Katalon\\Reports\\20250225_000437\\Suite Integracion Kat\\20250225_000440"/>
         <property name="logFiles" value="C:\\Users\\Irma Infante\\git\\Prueba-Git_Katalon\\Reports\\20250225_000437\\Suite Integracion Kat\\20250225_000440\\execution0.log"/>
         <property name="attachments" value=""/>
         <property name="hostName" value="Irma Infante - DESKTOP-2H1A566"/>
         <property name="os" value="Windows 11 64bit"/>
         <property name="katalonVersion" value="10.1.0.223"/>
         <property name="browser" value="Chrome 133.0.6943.127"/>
         <property name="hostAddress" value="192.168.1.45"/>
         <property name="sessionId" value="4a1007eca8466c305a121fb6423a1b56"/>
         <property name="seleniumVersion" value="4.22.0"/>
         <property name="proxyInformation" value="ProxyInformation { proxyOption=NO_PROXY, proxyServerType=HTTP, username=, password=********, proxyServerAddress=, proxyServerPort=0, executionList=&quot;&quot;, isApplyToDesiredCapabilities=true }"/>
         <property name="platform" value="Windows 11"/>
      </properties>
      <testcase name="Test Cases/CP_GIT" time="10.863" classname="Test Cases/CP_GIT" status="PASSED">
         <system-out><![CDATA[25-02-2025T00:05:16 - [TEST_CASE][PASSED] - Test Cases/CP_GIT: Test Cases/CP_GIT

25-02-2025T00:05:18 - [TEST_STEP][PASSED] - openBrowser(""): Browser is opened with url: ''

25-02-2025T00:05:18 - [MESSAGE][INFO] - Starting 'Chrome' driver

25-02-2025T00:05:18 - [MESSAGE][INFO] - Action delay is set to 0 milliseconds

25-02-2025T00:05:21 - [MESSAGE][PASSED] - Browser is opened with url: ''

25-02-2025T00:05:21 - [TEST_STEP][PASSED] - navigateToUrl("https://katalon-demo-cura.herokuapp.com/"): Navigate to 'https://katalon-demo-cura.herokuapp.com/' successfully

25-02-2025T00:05:22 - [MESSAGE][PASSED] - Navigate to 'https://katalon-demo-cura.herokuapp.com/' successfully

25-02-2025T00:05:22 - [TEST_STEP][PASSED] - click(findTestObject("Object Repository/PAg_DEMO/Page_CURA Healthcare Service/a_Make Appointment")): Object: 'Object Repository/PAg_DEMO/Page_CURA Healthcare Service/a_Make Appointment' is clicked on

25-02-2025T00:05:23 - [MESSAGE][PASSED] - Object: 'Object Repository/PAg_DEMO/Page_CURA Healthcare Service/a_Make Appointment' is clicked on

25-02-2025T00:05:23 - [TEST_STEP][PASSED] - click(findTestObject("Object Repository/PAg_DEMO/Page_CURA Healthcare Service/button_Login")): Object: 'Object Repository/PAg_DEMO/Page_CURA Healthcare Service/button_Login' is clicked on

25-02-2025T00:05:24 - [MESSAGE][PASSED] - Object: 'Object Repository/PAg_DEMO/Page_CURA Healthcare Service/button_Login' is clicked on

25-02-2025T00:05:24 - [TEST_STEP][PASSED] - setText(findTestObject("Object Repository/PAg_DEMO/Page_CURA Healthcare Service/input_Username_username"), "John Doe"): Text 'John Doe' is set on object 'Object Repository/PAg_DEMO/Page_CURA Healthcare Service/input_Username_username'

25-02-2025T00:05:25 - [MESSAGE][PASSED] - Text 'John Doe' is set on object 'Object Repository/PAg_DEMO/Page_CURA Healthcare Service/input_Username_username'

25-02-2025T00:05:25 - [TEST_STEP][PASSED] - click(findTestObject("Object Repository/PAg_DEMO/Page_CURA Healthcare Service/form_Demo account                          _b80bac")): Object: 'Object Repository/PAg_DEMO/Page_CURA Healthcare Service/form_Demo account                          _b80bac' is clicked on

25-02-2025T00:05:25 - [MESSAGE][PASSED] - Object: 'Object Repository/PAg_DEMO/Page_CURA Healthcare Service/form_Demo account                          _b80bac' is clicked on

25-02-2025T00:05:25 - [TEST_STEP][PASSED] - setEncryptedText(findTestObject("Object Repository/PAg_DEMO/Page_CURA Healthcare Service/input_Password_password"), "g3/DOGG74jC3Flrr3yH+3D/yKbOqqUNM"): Text ****** has been set on object 'Object Repository/PAg_DEMO/Page_CURA Healthcare Service/input_Password_password'

25-02-2025T00:05:25 - [MESSAGE][PASSED] - Text ****** has been set on object 'Object Repository/PAg_DEMO/Page_CURA Healthcare Service/input_Password_password'

25-02-2025T00:05:25 - [TEST_STEP][PASSED] - click(findTestObject("Object Repository/PAg_DEMO/Page_CURA Healthcare Service/button_Login")): Object: 'Object Repository/PAg_DEMO/Page_CURA Healthcare Service/button_Login' is clicked on

25-02-2025T00:05:26 - [MESSAGE][PASSED] - Object: 'Object Repository/PAg_DEMO/Page_CURA Healthcare Service/button_Login' is clicked on

25-02-2025T00:05:26 - [TEST_STEP][PASSED] - setText(findTestObject("Object Repository/PAg_DEMO/Page_CURA Healthcare Service/textarea_Comment_comment"), "prueba git"): Text 'prueba git' is set on object 'Object Repository/PAg_DEMO/Page_CURA Healthcare Service/textarea_Comment_comment'

25-02-2025T00:05:27 - [MESSAGE][PASSED] - Text 'prueba git' is set on object 'Object Repository/PAg_DEMO/Page_CURA Healthcare Service/textarea_Comment_comment'

25-02-2025T00:05:27 - [TEST_STEP][PASSED] - closeBrowser(): Browser is closed

25-02-2025T00:05:27 - [MESSAGE][PASSED] - Browser is closed]]></system-out>
         <system-err><![CDATA[]]></system-err>
      </testcase>
      <system-out><![CDATA[25-02-2025T00:05:16 - [TEST_SUITE][PASSED] - Suite Integracion Kat: Test Cases/CP_GIT]]></system-out>
      <system-err><![CDATA[]]></system-err>
   </testsuite>
</testsuites>
